I001 [*] Import block is un-sorted or un-formatted
 --> tests/test_repository_layout.py:1:1
  |
1 | / from __future__ import annotations
2 | |
3 | | import unittest
4 | | from pathlib import Path
  | |________________________^
  |
help: Organize imports

I001 [*] Import block is un-sorted or un-formatted
 --> tests/test_toolchain_pins.py:1:1
  |
1 | / from __future__ import annotations
2 | |
3 | | import json
4 | | import tomllib
5 | | import unittest
6 | | from pathlib import Path
  | |________________________^
  |
help: Organize imports

Found 2 errors.
[*] 2 fixable with the `--fix` option.
